<?xml version="1.0" encoding="UTF-8"?>
<testng-results skipped="0" failed="0" total="1" passed="1">
  <reporter-output>
  </reporter-output>
  <suite name="tryout " duration-ms="4403" started-at="2020-05-04T20:52:32Z" finished-at="2020-05-04T20:52:36Z">
    <groups>
    </groups>
    <test name="base" duration-ms="4403" started-at="2020-05-04T20:52:32Z" finished-at="2020-05-04T20:52:36Z">
      <class name="testinggit.NewTest">
        <test-method status="PASS" signature="beforeClass()[pri:0, instance:testinggit.NewTest@3498ed]" name="beforeClass" is-config="true" duration-ms="2388" started-at="2020-05-04T13:52:32Z" finished-at="2020-05-04T13:52:34Z">
          <reporter-output>
          </reporter-output>
        </test-method> <!-- beforeClass -->
        <test-method status="PASS" signature="openMyBlog()[pri:0, instance:testinggit.NewTest@3498ed]" name="openMyBlog" duration-ms="1996" started-at="2020-05-04T13:52:34Z" finished-at="2020-05-04T13:52:36Z">
          <reporter-output>
          </reporter-output>
        </test-method> <!-- openMyBlog -->
        <test-method status="PASS" signature="afterClass()[pri:0, instance:testinggit.NewTest@3498ed]" name="afterClass" is-config="true" duration-ms="0" started-at="2020-05-04T13:52:36Z" finished-at="2020-05-04T13:52:36Z">
          <reporter-output>
          </reporter-output>
        </test-method> <!-- afterClass -->
      </class> <!-- testinggit.NewTest -->
    </test> <!-- base -->
  </suite> <!-- tryout  -->
</testng-results>
