<?xml version="1.0" encoding="UTF-8"?>
<testng-results skipped="0" failed="0" total="1" passed="1">
  <reporter-output>
  </reporter-output>
  <suite name="tryout " duration-ms="4916" started-at="2020-05-04T20:39:44Z" finished-at="2020-05-04T20:39:49Z">
    <groups>
    </groups>
    <test name="base" duration-ms="4916" started-at="2020-05-04T20:39:44Z" finished-at="2020-05-04T20:39:49Z">
      <class name="testinggit.NewTest">
        <test-method status="PASS" signature="beforeClass()[pri:0, instance:testinggit.NewTest@c038203]" name="beforeClass" is-config="true" duration-ms="1857" started-at="2020-05-04T13:39:44Z" finished-at="2020-05-04T13:39:46Z">
          <reporter-output>
          </reporter-output>
        </test-method> <!-- beforeClass -->
        <test-method status="PASS" signature="openMyBlog()[pri:0, instance:testinggit.NewTest@c038203]" name="openMyBlog" duration-ms="2396" started-at="2020-05-04T13:39:46Z" finished-at="2020-05-04T13:39:49Z">
          <reporter-output>
          </reporter-output>
        </test-method> <!-- openMyBlog -->
        <test-method status="PASS" signature="afterClass()[pri:0, instance:testinggit.NewTest@c038203]" name="afterClass" is-config="true" duration-ms="651" started-at="2020-05-04T13:39:49Z" finished-at="2020-05-04T13:39:49Z">
          <reporter-output>
          </reporter-output>
        </test-method> <!-- afterClass -->
      </class> <!-- testinggit.NewTest -->
    </test> <!-- base -->
  </suite> <!-- tryout  -->
</testng-results>
